timestep, number of unexplored tiles, % unexplored, total power use 
0 1600 100.0 0 
1 1563 97.6875 0.833325 
2 1540 96.25 1.66665 
3 1539 96.1875 2.499975 
4 1539 96.1875 3.3333 
5 1538 96.125 4.166625 
6 1538 96.125 4.99995 
7 1538 96.125 5.833275 
8 1538 96.125 6.6666 
9 1538 96.125 7.499925 
10 1538 96.125 8.33325 
11 1538 96.125 9.166575 
12 1538 96.125 9.9999 
13 1538 96.125 10.833225 
14 1538 96.125 11.66655 
15 1538 96.125 12.499875 
16 1538 96.125 13.3332 
17 1537 96.0625 14.166525 
18 1537 96.0625 14.99985 
19 1536 96.0 15.833175 
20 1536 96.0 16.6665 
21 1536 96.0 17.499825 
22 1534 95.875 18.33315 
23 1534 95.875 19.166475 
24 1534 95.875 19.9998 
25 1533 95.8125 20.833125 
26 1533 95.8125 21.66645 
27 1531 95.6875 22.499775 
28 1531 95.6875 23.3331 
29 1530 95.625 24.166425 
30 1527 95.4375 24.99975 
31 1527 95.4375 25.833075 
32 1526 95.375 26.6664 
33 1526 95.375 27.499725 
34 1526 95.375 28.33305 
35 1526 95.375 29.166375 
36 1526 95.375 29.9997 
37 1526 95.375 30.833025 
38 1526 95.375 31.66635 
39 1526 95.375 32.499675 
40 1526 95.375 33.333 
41 1526 95.375 34.166325 
42 1525 95.3125 34.99965 
43 1525 95.3125 35.832975 
44 1522 95.125 36.6663 
45 1521 95.0625 37.499625 
46 1521 95.0625 38.33295 
47 1521 95.0625 39.166275 
48 1521 95.0625 39.9996 
49 1521 95.0625 40.832925 
50 1521 95.0625 41.66625 
51 1520 95.0 42.499575 
52 1520 95.0 43.3329 
53 1520 95.0 44.166225 
54 1520 95.0 44.99955 
55 1520 95.0 45.832875 
56 1519 94.9375 46.6662 
57 1518 94.875 47.499525 
58 1518 94.875 48.33285 
59 1518 94.875 49.166175 
60 1515 94.6875 49.9995 
61 1514 94.625 50.832825 
62 1514 94.625 51.66615 
63 1513 94.5625 52.499475 
64 1511 94.4375 53.3328 
65 1511 94.4375 54.166125 
66 1511 94.4375 54.99945 
67 1511 94.4375 55.832775 
68 1511 94.4375 56.6661 
69 1511 94.4375 57.499425 
70 1511 94.4375 58.33275 
71 1511 94.4375 59.166075 
72 1509 94.3125 59.9994 
73 1508 94.25 60.832725 
74 1508 94.25 61.66605 
75 1508 94.25 62.499375 
76 1508 94.25 63.3327 
77 1507 94.1875 64.166025 
78 1507 94.1875 64.99935 
79 1506 94.125 65.832675 
80 1506 94.125 66.666 
81 1506 94.125 67.499325 
82 1505 94.0625 68.33265 
83 1504 94.0 69.165975 
84 1504 94.0 69.9993 
85 1504 94.0 70.832625 
86 1504 94.0 71.66595 
87 1503 93.9375 72.499275 
88 1503 93.9375 73.3326 
89 1501 93.8125 74.165925 
90 1501 93.8125 74.99925 
91 1500 93.75 75.832575 
92 1499 93.6875 76.6659 
93 1499 93.6875 77.499225 
94 1499 93.6875 78.33255 
95 1497 93.5625 79.165875 
96 1495 93.4375 79.9992 
97 1495 93.4375 80.832525 
98 1494 93.375 81.66585 
99 1492 93.25 82.499175 
100 1491 93.1875 83.3325 
101 1490 93.125 84.165825 
102 1490 93.125 84.99915 
103 1490 93.125 85.832475 
104 1489 93.0625 86.6658 
105 1487 92.9375 87.499125 
106 1487 92.9375 88.33245 
107 1486 92.875 89.165775 
108 1486 92.875 89.9991 
109 1486 92.875 90.832425 
110 1486 92.875 91.66575 
111 1482 92.625 92.499075 
112 1482 92.625 93.3324 
113 1481 92.5625 94.165725 
114 1481 92.5625 94.99905 
115 1481 92.5625 95.832375 
116 1480 92.5 96.6657 
117 1480 92.5 97.499025 
118 1480 92.5 98.33235 
119 1480 92.5 99.165675 
120 1480 92.5 99.999 
121 1480 92.5 100.832325 
122 1480 92.5 101.66565 
123 1480 92.5 102.498975 
124 1480 92.5 103.3323 
125 1480 92.5 104.165625 
126 1479 92.4375 104.99895 
127 1477 92.3125 105.832275 
128 1474 92.125 106.6656 
129 1472 92.0 107.498925 
130 1471 91.9375 108.33225 
131 1470 91.875 109.165575 
132 1469 91.8125 109.9989 
133 1469 91.8125 110.832225 
134 1469 91.8125 111.66555 
135 1469 91.8125 112.498875 
136 1469 91.8125 113.3322 
137 1468 91.75 114.165525 
138 1467 91.6875 114.99885 
139 1467 91.6875 115.832175 
140 1463 91.4375 116.6655 
141 1462 91.375 117.498825 
142 1461 91.3125 118.33215 
143 1461 91.3125 119.165475 
144 1461 91.3125 119.9988 
145 1461 91.3125 120.832125 
146 1461 91.3125 121.66545 
147 1460 91.25 122.498775 
148 1459 91.1875 123.3321 
149 1457 91.0625 124.165425 
150 1456 91.0 124.99875 
151 1455 90.9375 125.832075 
152 1454 90.875 126.6654 
153 1453 90.8125 127.498725 
154 1453 90.8125 128.33205 
155 1453 90.8125 129.165375 
156 1453 90.8125 129.9987 
157 1452 90.75 130.832025 
158 1452 90.75 131.66535 
159 1452 90.75 132.498675 
160 1452 90.75 133.332 
161 1452 90.75 134.165325 
162 1450 90.625 134.99865 
163 1449 90.5625 135.831975 
164 1449 90.5625 136.6653 
165 1449 90.5625 137.498625 
166 1449 90.5625 138.33195 
167 1448 90.5 139.165275 
168 1448 90.5 139.9986 
169 1448 90.5 140.831925 
170 1448 90.5 141.66525 
171 1446 90.375 142.498575 
172 1445 90.3125 143.3319 
173 1445 90.3125 144.165225 
174 1445 90.3125 144.99855 
175 1445 90.3125 145.831875 
176 1445 90.3125 146.6652 
177 1443 90.1875 147.498525 
178 1443 90.1875 148.33185 
179 1443 90.1875 149.165175 
180 1443 90.1875 149.9985 
181 1443 90.1875 150.831825 
182 1443 90.1875 151.66515 
183 1443 90.1875 152.498475 
184 1443 90.1875 153.3318 
185 1443 90.1875 154.165125 
186 1443 90.1875 154.99845 
187 1443 90.1875 155.831775 
188 1442 90.125 156.6651 
189 1442 90.125 157.498425 
190 1442 90.125 158.33175 
191 1442 90.125 159.165075 
192 1441 90.0625 159.9984 
193 1441 90.0625 160.831725 
194 1440 90.0 161.66505 
195 1440 90.0 162.498375 
196 1440 90.0 163.3317 
197 1440 90.0 164.165025 
198 1440 90.0 164.99835 
199 1439 89.9375 165.831675 
200 1437 89.8125 166.665 
201 1436 89.75 167.498325 
202 1435 89.6875 168.33165 
203 1434 89.625 169.164975 
204 1432 89.5 169.9983 
205 1432 89.5 170.831625 
206 1432 89.5 171.66495 
207 1432 89.5 172.498275 
208 1432 89.5 173.3316 
209 1432 89.5 174.164925 
210 1430 89.375 174.99825 
211 1430 89.375 175.831575 
212 1429 89.3125 176.6649 
213 1429 89.3125 177.498225 
214 1429 89.3125 178.33155 
215 1429 89.3125 179.164875 
216 1429 89.3125 179.9982 
217 1428 89.25 180.831525 
218 1428 89.25 181.66485 
219 1427 89.1875 182.498175 
220 1425 89.0625 183.3315 
221 1424 89.0 184.164825 
222 1423 88.9375 184.99815 
223 1423 88.9375 185.831475 
224 1423 88.9375 186.6648 
225 1423 88.9375 187.498125 
226 1423 88.9375 188.33145 
227 1423 88.9375 189.164775 
228 1423 88.9375 189.9981 
229 1423 88.9375 190.831425 
230 1422 88.875 191.66475 
231 1422 88.875 192.498075 
232 1422 88.875 193.3314 
233 1422 88.875 194.164725 
234 1422 88.875 194.99805 
235 1421 88.8125 195.831375 
236 1420 88.75 196.6647 
237 1420 88.75 197.498025 
238 1418 88.625 198.33135 
239 1418 88.625 199.164675 
240 1418 88.625 199.998 
241 1418 88.625 200.831325 
242 1418 88.625 201.66465 
243 1417 88.5625 202.497975 
244 1417 88.5625 203.3313 
245 1417 88.5625 204.164625 
246 1416 88.5 204.99795 
247 1414 88.375 205.831275 
248 1414 88.375 206.6646 
249 1414 88.375 207.497925 
250 1414 88.375 208.33125 
251 1414 88.375 209.164575 
252 1413 88.3125 209.9979 
253 1413 88.3125 210.831225 
254 1413 88.3125 211.66455 
255 1412 88.25 212.497875 
256 1412 88.25 213.3312 
257 1411 88.1875 214.164525 
258 1411 88.1875 214.99785 
259 1411 88.1875 215.831175 
260 1411 88.1875 216.6645 
261 1411 88.1875 217.497825 
262 1411 88.1875 218.33115 
263 1411 88.1875 219.164475 
264 1411 88.1875 219.9978 
265 1410 88.125 220.831125 
266 1410 88.125 221.66445 
267 1410 88.125 222.497775 
268 1410 88.125 223.3311 
269 1409 88.0625 224.164425 
270 1409 88.0625 224.99775 
271 1408 88.0 225.831075 
272 1407 87.9375 226.6644 
273 1406 87.875 227.497725 
274 1404 87.75 228.33105 
275 1403 87.6875 229.164375 
276 1401 87.5625 229.9977 
277 1399 87.4375 230.831025 
278 1399 87.4375 231.66435 
279 1398 87.375 232.497675 
280 1398 87.375 233.331 
281 1397 87.3125 234.164325 
282 1397 87.3125 234.99765 
283 1395 87.1875 235.830975 
284 1394 87.125 236.6643 
285 1394 87.125 237.497625 
286 1394 87.125 238.33095 
287 1394 87.125 239.164275 
288 1393 87.0625 239.9976 
289 1393 87.0625 240.830925 
290 1393 87.0625 241.66425 
291 1393 87.0625 242.497575 
292 1393 87.0625 243.3309 
293 1393 87.0625 244.164225 
294 1392 87.0 244.99755 
295 1392 87.0 245.830875 
296 1392 87.0 246.6642 
297 1391 86.9375 247.497525 
298 1390 86.875 248.33085 
299 1389 86.8125 249.164175 
300 1389 86.8125 249.9975 
301 1389 86.8125 250.830825 
302 1389 86.8125 251.66415 
303 1389 86.8125 252.497475 
304 1388 86.75 253.3308 
305 1388 86.75 254.164125 
306 1388 86.75 254.99745 
307 1387 86.6875 255.830775 
308 1387 86.6875 256.6641 
309 1386 86.625 257.497425 
310 1386 86.625 258.33075 
311 1386 86.625 259.164075 
312 1384 86.5 259.9974 
313 1384 86.5 260.830725 
314 1383 86.4375 261.66405 
315 1383 86.4375 262.497375 
316 1382 86.375 263.3307 
317 1382 86.375 264.164025 
318 1382 86.375 264.99735 
319 1382 86.375 265.830675 
320 1382 86.375 266.664 
321 1382 86.375 267.497325 
322 1382 86.375 268.33065 
323 1382 86.375 269.163975 
324 1381 86.3125 269.9973 
325 1379 86.1875 270.830625 
326 1379 86.1875 271.66395 
327 1379 86.1875 272.497275 
328 1379 86.1875 273.3306 
329 1379 86.1875 274.163925 
330 1378 86.125 274.99725 
331 1377 86.0625 275.830575 
332 1376 86.0 276.6639 
333 1375 85.9375 277.497225 
334 1374 85.875 278.33055 
335 1374 85.875 279.163875 
336 1372 85.75 279.9972 
337 1372 85.75 280.830525 
338 1372 85.75 281.66385 
339 1372 85.75 282.497175 
340 1372 85.75 283.3305 
341 1371 85.6875 284.163825 
342 1370 85.625 284.99715 
343 1370 85.625 285.830475 
344 1370 85.625 286.6638 
345 1370 85.625 287.497125 
346 1369 85.5625 288.33045 
347 1369 85.5625 289.163775 
348 1369 85.5625 289.9971 
349 1369 85.5625 290.830425 
350 1368 85.5 291.66375 
351 1368 85.5 292.497075 
352 1368 85.5 293.3304 
353 1368 85.5 294.163725 
354 1368 85.5 294.99705 
355 1367 85.4375 295.830375 
356 1366 85.375 296.6637 
357 1365 85.3125 297.497025 
358 1364 85.25 298.33035 
359 1364 85.25 299.163675 
360 1363 85.1875 299.997 
361 1363 85.1875 300.830325 
362 1362 85.125 301.66365 
363 1362 85.125 302.496975 
364 1362 85.125 303.3303 
365 1362 85.125 304.163625 
366 1362 85.125 304.99695 
367 1362 85.125 305.830275 
368 1362 85.125 306.6636 
369 1362 85.125 307.496925 
370 1362 85.125 308.33025 
371 1362 85.125 309.163575 
372 1361 85.0625 309.9969 
373 1361 85.0625 310.830225 
374 1360 85.0 311.66355 
375 1360 85.0 312.496875 
376 1360 85.0 313.3302 
377 1359 84.9375 314.163525 
378 1359 84.9375 314.99685 
379 1359 84.9375 315.830175 
380 1359 84.9375 316.6635 
381 1359 84.9375 317.496825 
382 1359 84.9375 318.33015 
383 1359 84.9375 319.163475 
384 1359 84.9375 319.9968 
385 1358 84.875 320.830125 
386 1358 84.875 321.66345 
387 1358 84.875 322.496775 
388 1357 84.8125 323.3301 
389 1356 84.75 324.163425 
390 1356 84.75 324.99675 
391 1356 84.75 325.830075 
392 1354 84.625 326.6634 
393 1354 84.625 327.496725 
394 1354 84.625 328.33005 
395 1354 84.625 329.163375 
396 1354 84.625 329.9967 
397 1354 84.625 330.830025 
398 1354 84.625 331.66335 
399 1354 84.625 332.496675 
400 1354 84.625 333.33 
401 1354 84.625 334.163325 
402 1354 84.625 334.99665 
403 1354 84.625 335.829975 
404 1353 84.5625 336.6633 
405 1352 84.5 337.496625 
406 1351 84.4375 338.32995 
407 1351 84.4375 339.163275 
408 1351 84.4375 339.9966 
409 1351 84.4375 340.829925 
410 1350 84.375 341.66325 
411 1349 84.3125 342.496575 
412 1349 84.3125 343.3299 
413 1349 84.3125 344.163225 
414 1349 84.3125 344.99655 
415 1349 84.3125 345.829875 
416 1349 84.3125 346.6632 
417 1349 84.3125 347.496525 
418 1349 84.3125 348.32985 
419 1349 84.3125 349.163175 
420 1349 84.3125 349.9965 
421 1348 84.25 350.829825 
422 1348 84.25 351.66315 
423 1348 84.25 352.496475 
424 1347 84.1875 353.3298 
425 1347 84.1875 354.163125 
426 1347 84.1875 354.99645 
427 1347 84.1875 355.829775 
428 1347 84.1875 356.6631 
429 1347 84.1875 357.496425 
430 1347 84.1875 358.32975 
431 1347 84.1875 359.163075 
432 1347 84.1875 359.9964 
433 1347 84.1875 360.829725 
434 1347 84.1875 361.66305 
435 1346 84.125 362.496375 
436 1346 84.125 363.3297 
437 1346 84.125 364.163025 
438 1346 84.125 364.99635 
439 1346 84.125 365.829675 
440 1345 84.0625 366.663 
441 1345 84.0625 367.496325 
442 1345 84.0625 368.32965 
443 1345 84.0625 369.162975 
444 1345 84.0625 369.9963 
445 1343 83.9375 370.829625 
446 1341 83.8125 371.66295 
447 1341 83.8125 372.496275 
448 1341 83.8125 373.3296 
449 1341 83.8125 374.162925 
450 1341 83.8125 374.99625 
451 1341 83.8125 375.829575 
452 1341 83.8125 376.6629 
453 1340 83.75 377.496225 
454 1340 83.75 378.32955 
455 1340 83.75 379.162875 
456 1340 83.75 379.9962 
457 1340 83.75 380.829525 
458 1340 83.75 381.66285 
459 1340 83.75 382.496175 
460 1340 83.75 383.3295 
461 1340 83.75 384.162825 
462 1340 83.75 384.99615 
463 1340 83.75 385.829475 
464 1339 83.6875 386.6628 
465 1339 83.6875 387.496125 
466 1339 83.6875 388.32945 
467 1339 83.6875 389.162775 
468 1339 83.6875 389.9961 
469 1339 83.6875 390.829425 
470 1339 83.6875 391.66275 
471 1339 83.6875 392.496075 
472 1339 83.6875 393.3294 
473 1339 83.6875 394.162725 
474 1339 83.6875 394.99605 
475 1339 83.6875 395.829375 
476 1339 83.6875 396.6627 
477 1339 83.6875 397.496025 
478 1338 83.625 398.32935 
479 1338 83.625 399.162675 
480 1338 83.625 399.996 
481 1336 83.5 400.829325 
482 1336 83.5 401.66265 
483 1336 83.5 402.495975 
484 1335 83.4375 403.3293 
485 1335 83.4375 404.162625 
486 1335 83.4375 404.99595 
487 1335 83.4375 405.829275 
488 1334 83.375 406.6626 
489 1334 83.375 407.495925 
490 1333 83.3125 408.32925 
491 1333 83.3125 409.162575 
492 1332 83.25 409.9959 
493 1332 83.25 410.829225 
494 1332 83.25 411.66255 
495 1332 83.25 412.495875 
496 1332 83.25 413.3292 
497 1331 83.1875 414.162525 
498 1330 83.125 414.99585 
499 1330 83.125 415.829175 
500 1330 83.125 416.6625 
501 1330 83.125 417.495825 
502 1329 83.0625 418.32915 
503 1329 83.0625 419.162475 
504 1329 83.0625 419.9958 
505 1329 83.0625 420.829125 
506 1329 83.0625 421.66245 
507 1329 83.0625 422.495775 
508 1329 83.0625 423.3291 
509 1329 83.0625 424.162425 
510 1329 83.0625 424.99575 
511 1329 83.0625 425.829075 
512 1329 83.0625 426.6624 
513 1329 83.0625 427.495725 
514 1329 83.0625 428.32905 
515 1329 83.0625 429.162375 
516 1326 82.875 429.9957 
517 1326 82.875 430.829025 
518 1326 82.875 431.66235 
519 1326 82.875 432.495675 
520 1325 82.8125 433.329 
521 1324 82.75 434.162325 
522 1324 82.75 434.99565 
523 1323 82.6875 435.828975 
524 1323 82.6875 436.6623 
525 1323 82.6875 437.495625 
526 1323 82.6875 438.32895 
527 1322 82.625 439.162275 
528 1322 82.625 439.9956 
529 1322 82.625 440.828925 
530 1322 82.625 441.66225 
531 1321 82.5625 442.495575 
532 1321 82.5625 443.3289 
533 1320 82.5 444.162225 
534 1319 82.4375 444.99555 
535 1319 82.4375 445.828875 
536 1319 82.4375 446.6622 
537 1319 82.4375 447.495525 
538 1316 82.25 448.32885 
539 1315 82.1875 449.162175 
540 1314 82.125 449.9955 
541 1313 82.0625 450.828825 
542 1313 82.0625 451.66215 
543 1313 82.0625 452.495475 
544 1313 82.0625 453.3288 
545 1313 82.0625 454.162125 
546 1313 82.0625 454.99545 
547 1312 82.0 455.828775 
548 1312 82.0 456.6621 
549 1312 82.0 457.495425 
550 1311 81.9375 458.32875 
551 1309 81.8125 459.162075 
552 1309 81.8125 459.9954 
553 1307 81.6875 460.828725 
554 1306 81.625 461.66205 
555 1306 81.625 462.495375 
556 1306 81.625 463.3287 
557 1306 81.625 464.162025 
558 1306 81.625 464.99535 
559 1306 81.625 465.828675 
560 1305 81.5625 466.662 
561 1305 81.5625 467.495325 
562 1304 81.5 468.32865 
563 1303 81.4375 469.161975 
564 1303 81.4375 469.9953 
565 1303 81.4375 470.828625 
566 1303 81.4375 471.66195 
567 1303 81.4375 472.495275 
568 1301 81.3125 473.3286 
569 1299 81.1875 474.161925 
570 1299 81.1875 474.99525 
571 1298 81.125 475.828575 
572 1298 81.125 476.6619 
573 1298 81.125 477.495225 
574 1298 81.125 478.32855 
575 1298 81.125 479.161875 
576 1298 81.125 479.9952 
577 1298 81.125 480.828525 
578 1296 81.0 481.66185 
579 1295 80.9375 482.495175 
580 1294 80.875 483.3285 
581 1294 80.875 484.161825 
582 1294 80.875 484.99515 
583 1294 80.875 485.828475 
584 1294 80.875 486.6618 
585 1293 80.8125 487.495125 
586 1291 80.6875 488.32845 
587 1290 80.625 489.161775 
588 1290 80.625 489.9951 
589 1290 80.625 490.828425 
590 1289 80.5625 491.66175 
591 1288 80.5 492.495075 
592 1288 80.5 493.3284 
593 1288 80.5 494.161725 
594 1288 80.5 494.99505 
595 1286 80.375 495.828375 
596 1286 80.375 496.6617 
597 1286 80.375 497.495025 
598 1286 80.375 498.32835 
599 1286 80.375 499.161675 
600 1285 80.3125 499.995 
601 1285 80.3125 500.828325 
602 1285 80.3125 501.66165 
603 1284 80.25 502.494975 
604 1284 80.25 503.3283 
605 1284 80.25 504.161625 
606 1284 80.25 504.99495 
607 1284 80.25 505.828275 
608 1284 80.25 506.6616 
609 1284 80.25 507.494925 
610 1284 80.25 508.32825 
611 1284 80.25 509.161575 
612 1284 80.25 509.9949 
613 1284 80.25 510.828225 
614 1284 80.25 511.66155 
615 1284 80.25 512.494875 
616 1284 80.25 513.3282 
617 1283 80.1875 514.161525 
618 1283 80.1875 514.99485 
619 1282 80.125 515.828175 
620 1282 80.125 516.6615 
621 1280 80.0 517.494825 
622 1279 79.9375 518.32815 
623 1279 79.9375 519.161475 
624 1278 79.875 519.9948 
625 1277 79.8125 520.828125 
626 1277 79.8125 521.66145 
627 1277 79.8125 522.494775 
628 1277 79.8125 523.3281 
629 1277 79.8125 524.161425 
630 1275 79.6875 524.99475 
631 1273 79.5625 525.828075 
632 1273 79.5625 526.6614 
633 1273 79.5625 527.494725 
634 1272 79.5 528.32805 
635 1271 79.4375 529.161375 
636 1271 79.4375 529.9947 
637 1271 79.4375 530.828025 
638 1271 79.4375 531.66135 
639 1271 79.4375 532.494675 
640 1270 79.375 533.328 
641 1270 79.375 534.161325 
642 1268 79.25 534.99465 
643 1268 79.25 535.827975 
644 1268 79.25 536.6613 
645 1268 79.25 537.494625 
646 1266 79.125 538.32795 
647 1266 79.125 539.161275 
648 1265 79.0625 539.9946 
649 1265 79.0625 540.827925 
650 1265 79.0625 541.66125 
651 1265 79.0625 542.494575 
652 1265 79.0625 543.3279 
653 1264 79.0 544.161225 
654 1264 79.0 544.99455 
655 1264 79.0 545.827875 
656 1261 78.8125 546.6612 
657 1261 78.8125 547.494525 
658 1261 78.8125 548.32785 
659 1261 78.8125 549.161175 
660 1261 78.8125 549.9945 
661 1261 78.8125 550.827825 
662 1260 78.75 551.66115 
663 1260 78.75 552.494475 
664 1260 78.75 553.3278 
665 1260 78.75 554.161125 
666 1260 78.75 554.99445 
667 1260 78.75 555.827775 
668 1260 78.75 556.6611 
669 1260 78.75 557.494425 
670 1260 78.75 558.32775 
671 1259 78.6875 559.161075 
672 1258 78.625 559.9944 
673 1257 78.5625 560.827725 
674 1256 78.5 561.66105 
675 1256 78.5 562.494375 
676 1256 78.5 563.3277 
677 1253 78.3125 564.161025 
678 1253 78.3125 564.99435 
679 1253 78.3125 565.827675 
680 1250 78.125 566.661 
681 1249 78.0625 567.494325 
682 1249 78.0625 568.32765 
683 1248 78.0 569.160975 
684 1248 78.0 569.9943 
685 1247 77.9375 570.827625 
686 1246 77.875 571.66095 
687 1245 77.8125 572.494275 
688 1245 77.8125 573.3276 
689 1244 77.75 574.160925 
690 1244 77.75 574.99425 
691 1244 77.75 575.827575 
692 1243 77.6875 576.6609 
693 1243 77.6875 577.494225 
694 1242 77.625 578.32755 
695 1242 77.625 579.160875 
696 1241 77.5625 579.9942 
697 1241 77.5625 580.827525 
698 1241 77.5625 581.66085 
699 1241 77.5625 582.494175 
700 1240 77.5 583.3275 
701 1240 77.5 584.160825 
702 1240 77.5 584.99415 
703 1240 77.5 585.827475 
704 1240 77.5 586.6608 
705 1240 77.5 587.494125 
706 1240 77.5 588.32745 
707 1240 77.5 589.160775 
708 1240 77.5 589.9941 
709 1240 77.5 590.827425 
710 1240 77.5 591.66075 
711 1240 77.5 592.494075 
712 1240 77.5 593.3274 
713 1240 77.5 594.160725 
714 1240 77.5 594.99405 
715 1240 77.5 595.827375 
716 1240 77.5 596.6607 
717 1240 77.5 597.494025 
718 1239 77.4375 598.32735 
719 1237 77.3125 599.160675 
720 1236 77.25 599.994 
721 1236 77.25 600.827325 
722 1236 77.25 601.66065 
723 1236 77.25 602.493975 
724 1236 77.25 603.3273 
725 1236 77.25 604.160625 
726 1236 77.25 604.99395 
727 1235 77.1875 605.827275 
728 1234 77.125 606.6606 
729 1234 77.125 607.493925 
730 1233 77.0625 608.32725 
731 1233 77.0625 609.160575 
732 1233 77.0625 609.9939 
733 1233 77.0625 610.827225 
734 1233 77.0625 611.66055 
735 1233 77.0625 612.493875 
736 1233 77.0625 613.3272 
737 1233 77.0625 614.160525 
738 1233 77.0625 614.99385 
739 1233 77.0625 615.827175 
740 1233 77.0625 616.6605 
741 1233 77.0625 617.493825 
742 1233 77.0625 618.32715 
743 1233 77.0625 619.160475 
744 1233 77.0625 619.9938 
745 1233 77.0625 620.827125 
746 1233 77.0625 621.66045 
747 1233 77.0625 622.493775 
748 1233 77.0625 623.3271 
749 1233 77.0625 624.160425 
750 1233 77.0625 624.99375 
751 1233 77.0625 625.827075 
752 1233 77.0625 626.6604 
753 1233 77.0625 627.493725 
754 1233 77.0625 628.32705 
755 1233 77.0625 629.160375 
756 1233 77.0625 629.9937 
757 1233 77.0625 630.827025 
758 1233 77.0625 631.66035 
759 1233 77.0625 632.493675 
760 1233 77.0625 633.327 
761 1233 77.0625 634.160325 
762 1232 77.0 634.99365 
763 1232 77.0 635.826975 
764 1232 77.0 636.6603 
765 1231 76.9375 637.493625 
766 1231 76.9375 638.32695 
767 1231 76.9375 639.160275 
768 1231 76.9375 639.9936 
769 1231 76.9375 640.826925 
770 1231 76.9375 641.66025 
771 1231 76.9375 642.493575 
772 1231 76.9375 643.3269 
773 1231 76.9375 644.160225 
774 1230 76.875 644.99355 
775 1229 76.8125 645.826875 
776 1228 76.75 646.6602 
777 1228 76.75 647.493525 
778 1227 76.6875 648.32685 
779 1227 76.6875 649.160175 
780 1227 76.6875 649.9935 
781 1227 76.6875 650.826825 
782 1227 76.6875 651.66015 
783 1227 76.6875 652.493475 
784 1227 76.6875 653.3268 
785 1227 76.6875 654.160125 
786 1227 76.6875 654.99345 
787 1227 76.6875 655.826775 
788 1227 76.6875 656.6601 
789 1227 76.6875 657.493425 
790 1227 76.6875 658.32675 
791 1227 76.6875 659.160075 
792 1227 76.6875 659.9934 
793 1227 76.6875 660.826725 
794 1226 76.625 661.66005 
795 1226 76.625 662.493375 
796 1226 76.625 663.3267 
797 1226 76.625 664.160025 
798 1225 76.5625 664.99335 
799 1225 76.5625 665.826675 
800 1225 76.5625 666.66 
801 1225 76.5625 667.493325 
802 1224 76.5 668.32665 
803 1224 76.5 669.159975 
804 1224 76.5 669.9933 
805 1224 76.5 670.826625 
806 1224 76.5 671.65995 
807 1224 76.5 672.493275 
808 1224 76.5 673.3266 
809 1224 76.5 674.159925 
810 1224 76.5 674.99325 
811 1224 76.5 675.826575 
812 1224 76.5 676.6599 
813 1224 76.5 677.493225 
814 1224 76.5 678.32655 
815 1224 76.5 679.159875 
816 1224 76.5 679.9932 
817 1224 76.5 680.826525 
818 1224 76.5 681.65985 
819 1224 76.5 682.493175 
820 1224 76.5 683.3265 
821 1224 76.5 684.159825 
822 1223 76.4375 684.99315 
823 1222 76.375 685.826475 
824 1222 76.375 686.6598 
825 1222 76.375 687.493125 
826 1222 76.375 688.32645 
827 1222 76.375 689.159775 
828 1222 76.375 689.9931 
829 1222 76.375 690.826425 
830 1221 76.3125 691.65975 
831 1219 76.1875 692.493075 
832 1219 76.1875 693.3264 
833 1219 76.1875 694.159725 
834 1219 76.1875 694.99305 
835 1219 76.1875 695.826375 
836 1219 76.1875 696.6597 
837 1219 76.1875 697.493025 
838 1219 76.1875 698.32635 
839 1219 76.1875 699.159675 
840 1219 76.1875 699.993 
841 1219 76.1875 700.826325 
842 1218 76.125 701.65965 
843 1218 76.125 702.492975 
844 1218 76.125 703.3263 
845 1218 76.125 704.159625 
846 1218 76.125 704.99295 
847 1217 76.0625 705.826275 
848 1216 76.0 706.6596 
849 1216 76.0 707.492925 
850 1216 76.0 708.32625 
851 1216 76.0 709.159575 
852 1216 76.0 709.9929 
853 1215 75.9375 710.826225 
854 1215 75.9375 711.65955 
855 1215 75.9375 712.492875 
856 1215 75.9375 713.3262 
857 1215 75.9375 714.159525 
858 1214 75.875 714.99285 
859 1214 75.875 715.826175 
860 1213 75.8125 716.6595 
861 1213 75.8125 717.492825 
862 1213 75.8125 718.32615 
863 1213 75.8125 719.159475 
864 1213 75.8125 719.9928 
865 1212 75.75 720.826125 
866 1211 75.6875 721.65945 
867 1211 75.6875 722.492775 
868 1211 75.6875 723.3261 
869 1211 75.6875 724.159425 
870 1210 75.625 724.99275 
871 1208 75.5 725.826075 
872 1208 75.5 726.6594 
873 1208 75.5 727.492725 
874 1208 75.5 728.32605 
875 1208 75.5 729.159375 
876 1208 75.5 729.9927 
877 1208 75.5 730.826025 
878 1208 75.5 731.65935 
879 1208 75.5 732.492675 
880 1208 75.5 733.326 
881 1208 75.5 734.159325 
882 1207 75.4375 734.99265 
883 1206 75.375 735.825975 
884 1205 75.3125 736.6593 
885 1205 75.3125 737.492625 
886 1205 75.3125 738.32595 
887 1204 75.25 739.159275 
888 1204 75.25 739.9926 
889 1203 75.1875 740.825925 
890 1202 75.125 741.65925 
891 1202 75.125 742.492575 
892 1201 75.0625 743.3259 
893 1200 75.0 744.159225 
894 1200 75.0 744.99255 
895 1198 74.875 745.825875 
896 1198 74.875 746.6592 
897 1197 74.8125 747.492525 
898 1196 74.75 748.32585 
899 1196 74.75 749.159175 
900 1195 74.6875 749.9925 
901 1195 74.6875 750.825825 
902 1195 74.6875 751.65915 
903 1195 74.6875 752.492475 
904 1195 74.6875 753.3258 
905 1195 74.6875 754.159125 
906 1195 74.6875 754.99245 
907 1195 74.6875 755.825775 
908 1195 74.6875 756.6591 
909 1195 74.6875 757.492425 
910 1194 74.625 758.32575 
911 1194 74.625 759.159075 
912 1194 74.625 759.9924 
913 1193 74.5625 760.825725 
914 1192 74.5 761.65905 
915 1192 74.5 762.492375 
916 1192 74.5 763.3257 
917 1191 74.4375 764.159025 
918 1191 74.4375 764.99235 
919 1191 74.4375 765.825675 
920 1191 74.4375 766.659 
921 1191 74.4375 767.492325 
922 1190 74.375 768.32565 
923 1189 74.3125 769.158975 
924 1189 74.3125 769.9923 
925 1187 74.1875 770.825625 
926 1186 74.125 771.65895 
927 1186 74.125 772.492275 
928 1186 74.125 773.3256 
929 1186 74.125 774.158925 
930 1186 74.125 774.99225 
931 1186 74.125 775.825575 
932 1186 74.125 776.6589 
933 1186 74.125 777.492225 
934 1186 74.125 778.32555 
935 1186 74.125 779.158875 
936 1185 74.0625 779.9922 
937 1185 74.0625 780.825525 
938 1185 74.0625 781.65885 
939 1185 74.0625 782.492175 
940 1185 74.0625 783.3255 
941 1185 74.0625 784.158825 
942 1185 74.0625 784.99215 
943 1185 74.0625 785.825475 
944 1185 74.0625 786.6588 
945 1185 74.0625 787.492125 
946 1185 74.0625 788.32545 
947 1185 74.0625 789.158775 
948 1185 74.0625 789.9921 
949 1185 74.0625 790.825425 
950 1185 74.0625 791.65875 
951 1184 74.0 792.492075 
952 1183 73.9375 793.3254 
953 1181 73.8125 794.158725 
954 1181 73.8125 794.99205 
955 1180 73.75 795.825375 
956 1180 73.75 796.6587 
957 1180 73.75 797.492025 
958 1180 73.75 798.32535 
959 1180 73.75 799.158675 
960 1177 73.5625 799.992 
961 1176 73.5 800.825325 
962 1175 73.4375 801.65865 
963 1175 73.4375 802.491975 
964 1175 73.4375 803.3253 
965 1174 73.375 804.158625 
966 1171 73.1875 804.99195 
967 1170 73.125 805.825275 
968 1168 73.0 806.6586 
969 1168 73.0 807.491925 
970 1168 73.0 808.32525 
971 1168 73.0 809.158575 
972 1168 73.0 809.9919 
973 1168 73.0 810.825225 
974 1168 73.0 811.65855 
975 1167 72.9375 812.491875 
976 1167 72.9375 813.3252 
977 1167 72.9375 814.158525 
978 1166 72.875 814.99185 
979 1166 72.875 815.825175 
980 1166 72.875 816.6585 
981 1166 72.875 817.491825 
982 1166 72.875 818.32515 
983 1166 72.875 819.158475 
984 1165 72.8125 819.9918 
985 1165 72.8125 820.825125 
986 1165 72.8125 821.65845 
987 1165 72.8125 822.491775 
988 1165 72.8125 823.3251 
989 1165 72.8125 824.158425 
990 1165 72.8125 824.99175 
991 1165 72.8125 825.825075 
992 1165 72.8125 826.6584 
993 1165 72.8125 827.491725 
994 1165 72.8125 828.32505 
995 1163 72.6875 829.158375 
996 1162 72.625 829.9917 
997 1162 72.625 830.825025 
998 1160 72.5 831.65835 
999 1158 72.375 832.491675 
1000 1158 72.375 833.325 
1001 1158 72.375 834.158325 
1002 1158 72.375 834.99165 
1003 1158 72.375 835.824975 
1004 1158 72.375 836.6583 
1005 1157 72.3125 837.491625 
1006 1157 72.3125 838.32495 
1007 1157 72.3125 839.158275 
1008 1157 72.3125 839.9916 
1009 1157 72.3125 840.824925 
1010 1157 72.3125 841.65825 
1011 1157 72.3125 842.491575 
1012 1154 72.125 843.3249 
1013 1153 72.0625 844.158225 
1014 1153 72.0625 844.99155 
1015 1153 72.0625 845.824875 
1016 1153 72.0625 846.6582 
1017 1153 72.0625 847.491525 
1018 1153 72.0625 848.32485 
1019 1153 72.0625 849.158175 
1020 1153 72.0625 849.9915 
1021 1153 72.0625 850.824825 
1022 1153 72.0625 851.65815 
1023 1153 72.0625 852.491475 
1024 1153 72.0625 853.3248 
1025 1152 72.0 854.158125 
1026 1152 72.0 854.99145 
1027 1152 72.0 855.824775 
1028 1152 72.0 856.6581 
1029 1152 72.0 857.491425 
1030 1151 71.9375 858.32475 
1031 1148 71.75 859.158075 
1032 1147 71.6875 859.9914 
1033 1147 71.6875 860.824725 
1034 1145 71.5625 861.65805 
1035 1145 71.5625 862.491375 
1036 1143 71.4375 863.3247 
1037 1142 71.375 864.158025 
1038 1141 71.3125 864.99135 
1039 1141 71.3125 865.824675 
1040 1141 71.3125 866.658 
1041 1141 71.3125 867.491325 
1042 1140 71.25 868.32465 
1043 1140 71.25 869.157975 
1044 1140 71.25 869.9913 
1045 1140 71.25 870.824625 
1046 1140 71.25 871.65795 
1047 1140 71.25 872.491275 
1048 1139 71.1875 873.3246 
1049 1139 71.1875 874.157925 
1050 1138 71.125 874.99125 
1051 1138 71.125 875.824575 
1052 1137 71.0625 876.6579 
1053 1137 71.0625 877.491225 
1054 1137 71.0625 878.32455 
1055 1137 71.0625 879.157875 
1056 1137 71.0625 879.9912 
1057 1137 71.0625 880.824525 
1058 1136 71.0 881.65785 
1059 1136 71.0 882.491175 
1060 1136 71.0 883.3245 
1061 1135 70.9375 884.157825 
1062 1135 70.9375 884.99115 
1063 1134 70.875 885.824475 
1064 1133 70.8125 886.6578 
1065 1132 70.75 887.491125 
1066 1131 70.6875 888.32445 
1067 1130 70.625 889.157775 
1068 1130 70.625 889.9911 
1069 1130 70.625 890.824425 
1070 1128 70.5 891.65775 
1071 1128 70.5 892.491075 
1072 1128 70.5 893.3244 
1073 1128 70.5 894.157725 
1074 1127 70.4375 894.99105 
1075 1127 70.4375 895.824375 
1076 1127 70.4375 896.6577 
1077 1126 70.375 897.491025 
1078 1126 70.375 898.32435 
1079 1126 70.375 899.157675 
1080 1126 70.375 899.991 
1081 1126 70.375 900.824325 
1082 1126 70.375 901.65765 
1083 1126 70.375 902.490975 
1084 1126 70.375 903.3243 
1085 1125 70.3125 904.157625 
1086 1124 70.25 904.99095 
1087 1124 70.25 905.824275 
1088 1124 70.25 906.6576 
1089 1122 70.125 907.490925 
1090 1122 70.125 908.32425 
1091 1121 70.0625 909.157575 
1092 1121 70.0625 909.9909 
1093 1121 70.0625 910.824225 
1094 1121 70.0625 911.65755 
1095 1120 70.0 912.490875 
1096 1119 69.9375 913.3242 
1097 1119 69.9375 914.157525 
1098 1119 69.9375 914.99085 
1099 1118 69.875 915.824175 
1100 1117 69.8125 916.6575 
1101 1116 69.75 917.490825 
1102 1116 69.75 918.32415 
1103 1115 69.6875 919.157475 
1104 1115 69.6875 919.9908 
1105 1115 69.6875 920.824125 
1106 1115 69.6875 921.65745 
1107 1114 69.625 922.490775 
1108 1114 69.625 923.3241 
1109 1114 69.625 924.157425 
1110 1114 69.625 924.99075 
1111 1114 69.625 925.824075 
1112 1114 69.625 926.6574 
1113 1114 69.625 927.490725 
1114 1112 69.5 928.32405 
1115 1112 69.5 929.157375 
1116 1112 69.5 929.9907 
1117 1112 69.5 930.824025 
1118 1112 69.5 931.65735 
1119 1112 69.5 932.490675 
1120 1111 69.4375 933.324 
1121 1110 69.375 934.157325 
1122 1110 69.375 934.99065 
1123 1110 69.375 935.823975 
1124 1109 69.3125 936.6573 
1125 1108 69.25 937.490625 
1126 1108 69.25 938.32395 
1127 1108 69.25 939.157275 
1128 1108 69.25 939.9906 
1129 1108 69.25 940.823925 
1130 1108 69.25 941.65725 
1131 1108 69.25 942.490575 
1132 1108 69.25 943.3239 
1133 1108 69.25 944.157225 
1134 1108 69.25 944.99055 
1135 1108 69.25 945.823875 
1136 1107 69.1875 946.6572 
1137 1107 69.1875 947.490525 
1138 1107 69.1875 948.32385 
1139 1107 69.1875 949.157175 
1140 1107 69.1875 949.9905 
1141 1106 69.125 950.823825 
1142 1106 69.125 951.65715 
1143 1105 69.0625 952.490475 
1144 1105 69.0625 953.3238 
1145 1104 69.0 954.157125 
1146 1104 69.0 954.99045 
1147 1104 69.0 955.823775 
1148 1104 69.0 956.6571 
1149 1103 68.9375 957.490425 
1150 1103 68.9375 958.32375 
1151 1103 68.9375 959.157075 
1152 1103 68.9375 959.9904 
1153 1103 68.9375 960.823725 
1154 1103 68.9375 961.65705 
1155 1103 68.9375 962.490375 
1156 1103 68.9375 963.3237 
1157 1102 68.875 964.157025 
1158 1101 68.8125 964.99035 
1159 1101 68.8125 965.823675 
1160 1101 68.8125 966.657 
1161 1101 68.8125 967.490325 
1162 1101 68.8125 968.32365 
1163 1101 68.8125 969.156975 
1164 1101 68.8125 969.9903 
1165 1101 68.8125 970.823625 
1166 1101 68.8125 971.65695 
1167 1101 68.8125 972.490275 
1168 1101 68.8125 973.3236 
1169 1101 68.8125 974.156925 
1170 1101 68.8125 974.99025 
1171 1101 68.8125 975.823575 
1172 1101 68.8125 976.6569 
1173 1101 68.8125 977.490225 
1174 1100 68.75 978.32355 
1175 1100 68.75 979.156875 
1176 1100 68.75 979.9902 
1177 1100 68.75 980.823525 
1178 1100 68.75 981.65685 
1179 1098 68.625 982.490175 
1180 1098 68.625 983.3235 
1181 1098 68.625 984.156825 
1182 1098 68.625 984.99015 
1183 1098 68.625 985.823475 
1184 1098 68.625 986.6568 
1185 1098 68.625 987.490125 
1186 1098 68.625 988.32345 
1187 1098 68.625 989.156775 
1188 1098 68.625 989.9901 
1189 1098 68.625 990.823425 
1190 1098 68.625 991.65675 
1191 1098 68.625 992.490075 
1192 1098 68.625 993.3234 
1193 1096 68.5 994.156725 
1194 1096 68.5 994.99005 
1195 1096 68.5 995.823375 
1196 1096 68.5 996.6567 
1197 1096 68.5 997.490025 
1198 1096 68.5 998.32335 
1199 1096 68.5 999.156675 
1200 1095 68.4375 999.99 
1201 1095 68.4375 1000.823325 
1202 1095 68.4375 1001.65665 
1203 1095 68.4375 1002.489975 
1204 1095 68.4375 1003.3233 
1205 1095 68.4375 1004.156625 
1206 1095 68.4375 1004.98995 
1207 1095 68.4375 1005.823275 
1208 1095 68.4375 1006.6566 
1209 1095 68.4375 1007.489925 
1210 1095 68.4375 1008.32325 
1211 1095 68.4375 1009.156575 
1212 1095 68.4375 1009.9899 
1213 1095 68.4375 1010.823225 
1214 1095 68.4375 1011.65655 
1215 1095 68.4375 1012.489875 
1216 1094 68.375 1013.3232 
1217 1094 68.375 1014.156525 
1218 1093 68.3125 1014.98985 
1219 1093 68.3125 1015.823175 
1220 1093 68.3125 1016.6565 
1221 1093 68.3125 1017.489825 
1222 1093 68.3125 1018.32315 
1223 1093 68.3125 1019.156475 
1224 1093 68.3125 1019.9898 
1225 1093 68.3125 1020.823125 
1226 1093 68.3125 1021.65645 
1227 1092 68.25 1022.489775 
1228 1091 68.1875 1023.3231 
1229 1089 68.0625 1024.156425 
1230 1089 68.0625 1024.98975 
1231 1089 68.0625 1025.823075 
1232 1088 68.0 1026.6564 
1233 1088 68.0 1027.489725 
1234 1088 68.0 1028.32305 
1235 1086 67.875 1029.156375 
1236 1086 67.875 1029.9897 
1237 1086 67.875 1030.823025 
1238 1085 67.8125 1031.65635 
1239 1085 67.8125 1032.489675 
1240 1085 67.8125 1033.323 
1241 1085 67.8125 1034.156325 
1242 1085 67.8125 1034.98965 
1243 1085 67.8125 1035.822975 
1244 1085 67.8125 1036.6563 
1245 1085 67.8125 1037.489625 
1246 1084 67.75 1038.32295 
1247 1084 67.75 1039.156275 
1248 1084 67.75 1039.9896 
1249 1084 67.75 1040.822925 
1250 1084 67.75 1041.65625 
1251 1084 67.75 1042.489575 
1252 1084 67.75 1043.3229 
1253 1083 67.6875 1044.156225 
1254 1082 67.625 1044.98955 
1255 1082 67.625 1045.822875 
1256 1082 67.625 1046.6562 
1257 1081 67.5625 1047.489525 
1258 1081 67.5625 1048.32285 
1259 1081 67.5625 1049.156175 
1260 1080 67.5 1049.9895 
1261 1080 67.5 1050.822825 
1262 1080 67.5 1051.65615 
1263 1080 67.5 1052.489475 
1264 1079 67.4375 1053.3228 
1265 1079 67.4375 1054.156125 
1266 1077 67.3125 1054.98945 
1267 1077 67.3125 1055.822775 
1268 1076 67.25 1056.6561 
1269 1076 67.25 1057.489425 
1270 1075 67.1875 1058.32275 
1271 1074 67.125 1059.156075 
1272 1074 67.125 1059.9894 
1273 1074 67.125 1060.822725 
1274 1073 67.0625 1061.65605 
1275 1073 67.0625 1062.489375 
1276 1073 67.0625 1063.3227 
1277 1073 67.0625 1064.156025 
1278 1072 67.0 1064.98935 
1279 1071 66.9375 1065.822675 
1280 1071 66.9375 1066.656 
1281 1071 66.9375 1067.489325 
1282 1071 66.9375 1068.32265 
1283 1070 66.875 1069.155975 
1284 1070 66.875 1069.9893 
1285 1070 66.875 1070.822625 
1286 1070 66.875 1071.65595 
1287 1070 66.875 1072.489275 
1288 1070 66.875 1073.3226 
1289 1069 66.8125 1074.155925 
1290 1069 66.8125 1074.98925 
1291 1069 66.8125 1075.822575 
1292 1069 66.8125 1076.6559 
1293 1068 66.75 1077.489225 
1294 1068 66.75 1078.32255 
1295 1068 66.75 1079.155875 
1296 1068 66.75 1079.9892 
1297 1068 66.75 1080.822525 
1298 1067 66.6875 1081.65585 
1299 1067 66.6875 1082.489175 
1300 1067 66.6875 1083.3225 
1301 1067 66.6875 1084.155825 
1302 1066 66.625 1084.98915 
1303 1066 66.625 1085.822475 
1304 1066 66.625 1086.6558 
1305 1064 66.5 1087.489125 
1306 1061 66.3125 1088.32245 
1307 1060 66.25 1089.155775 
1308 1060 66.25 1089.9891 
1309 1060 66.25 1090.822425 
1310 1060 66.25 1091.65575 
1311 1060 66.25 1092.489075 
1312 1060 66.25 1093.3224 
1313 1060 66.25 1094.155725 
1314 1060 66.25 1094.98905 
1315 1060 66.25 1095.822375 
1316 1059 66.1875 1096.6557 
1317 1059 66.1875 1097.489025 
1318 1059 66.1875 1098.32235 
1319 1059 66.1875 1099.155675 
1320 1059 66.1875 1099.989 
1321 1059 66.1875 1100.822325 
1322 1059 66.1875 1101.65565 
1323 1058 66.125 1102.488975 
1324 1057 66.0625 1103.3223 
1325 1056 66.0 1104.155625 
1326 1054 65.875 1104.98895 
1327 1053 65.8125 1105.822275 
1328 1053 65.8125 1106.6556 
1329 1053 65.8125 1107.488925 
1330 1052 65.75 1108.32225 
1331 1051 65.6875 1109.155575 
1332 1051 65.6875 1109.9889 
1333 1051 65.6875 1110.822225 
1334 1050 65.625 1111.65555 
1335 1050 65.625 1112.488875 
1336 1050 65.625 1113.3222 
1337 1050 65.625 1114.155525 
1338 1048 65.5 1114.98885 
1339 1047 65.4375 1115.822175 
1340 1046 65.375 1116.6555 
1341 1046 65.375 1117.488825 
1342 1046 65.375 1118.32215 
1343 1046 65.375 1119.155475 
1344 1045 65.3125 1119.9888 
1345 1045 65.3125 1120.822125 
1346 1045 65.3125 1121.65545 
1347 1045 65.3125 1122.488775 
1348 1045 65.3125 1123.3221 
1349 1045 65.3125 1124.155425 
1350 1045 65.3125 1124.98875 
1351 1045 65.3125 1125.822075 
1352 1044 65.25 1126.6554 
1353 1044 65.25 1127.488725 
1354 1044 65.25 1128.32205 
1355 1044 65.25 1129.155375 
1356 1042 65.125 1129.9887 
1357 1042 65.125 1130.822025 
1358 1042 65.125 1131.65535 
1359 1042 65.125 1132.488675 
1360 1042 65.125 1133.322 
1361 1042 65.125 1134.155325 
1362 1040 65.0 1134.98865 
1363 1040 65.0 1135.821975 
1364 1040 65.0 1136.6553 
1365 1040 65.0 1137.488625 
1366 1040 65.0 1138.32195 
1367 1040 65.0 1139.155275 
1368 1040 65.0 1139.9886 
1369 1040 65.0 1140.821925 
1370 1040 65.0 1141.65525 
1371 1040 65.0 1142.488575 
1372 1039 64.9375 1143.3219 
1373 1038 64.875 1144.155225 
1374 1037 64.8125 1144.98855 
1375 1035 64.6875 1145.821875 
1376 1034 64.625 1146.6552 
1377 1034 64.625 1147.488525 
1378 1034 64.625 1148.32185 
1379 1034 64.625 1149.155175 
1380 1034 64.625 1149.9885 
1381 1034 64.625 1150.821825 
1382 1032 64.5 1151.65515 
1383 1032 64.5 1152.488475 
1384 1032 64.5 1153.3218 
1385 1032 64.5 1154.155125 
1386 1031 64.4375 1154.98845 
1387 1031 64.4375 1155.821775 
1388 1030 64.375 1156.6551 
1389 1030 64.375 1157.488425 
1390 1030 64.375 1158.32175 
1391 1029 64.3125 1159.155075 
1392 1029 64.3125 1159.9884 
1393 1028 64.25 1160.821725 
1394 1028 64.25 1161.65505 
1395 1027 64.1875 1162.488375 
1396 1026 64.125 1163.3217 
1397 1025 64.0625 1164.155025 
1398 1023 63.9375 1164.98835 
1399 1023 63.9375 1165.821675 
1400 1023 63.9375 1166.655 
1401 1022 63.875 1167.488325 
1402 1022 63.875 1168.32165 
1403 1022 63.875 1169.154975 
1404 1022 63.875 1169.9883 
1405 1022 63.875 1170.821625 
1406 1021 63.8125 1171.65495 
1407 1021 63.8125 1172.488275 
1408 1021 63.8125 1173.3216 
1409 1021 63.8125 1174.154925 
1410 1020 63.75 1174.98825 
1411 1019 63.6875 1175.821575 
1412 1019 63.6875 1176.6549 
1413 1019 63.6875 1177.488225 
1414 1018 63.625 1178.32155 
1415 1018 63.625 1179.154875 
1416 1018 63.625 1179.9882 
1417 1018 63.625 1180.821525 
1418 1018 63.625 1181.65485 
1419 1018 63.625 1182.488175 
1420 1018 63.625 1183.3215 
1421 1017 63.5625 1184.154825 
1422 1016 63.5 1184.98815 
1423 1015 63.4375 1185.821475 
1424 1015 63.4375 1186.6548 
1425 1015 63.4375 1187.488125 
1426 1014 63.375 1188.32145 
1427 1014 63.375 1189.154775 
1428 1013 63.3125 1189.9881 
1429 1013 63.3125 1190.821425 
1430 1013 63.3125 1191.65475 
1431 1013 63.3125 1192.488075 
1432 1013 63.3125 1193.3214 
1433 1013 63.3125 1194.154725 
1434 1013 63.3125 1194.98805 
1435 1013 63.3125 1195.821375 
1436 1013 63.3125 1196.6547 
1437 1013 63.3125 1197.488025 
1438 1013 63.3125 1198.32135 
1439 1013 63.3125 1199.154675 
1440 1013 63.3125 1199.988 
1441 1013 63.3125 1200.821325 
1442 1012 63.25 1201.65465 
1443 1012 63.25 1202.487975 
1444 1010 63.125 1203.3213 
1445 1010 63.125 1204.154625 
1446 1010 63.125 1204.98795 
1447 1008 63.0 1205.821275 
1448 1007 62.9375 1206.6546 
1449 1007 62.9375 1207.487925 
1450 1006 62.875 1208.32125 
1451 1006 62.875 1209.154575 
1452 1006 62.875 1209.9879 
1453 1006 62.875 1210.821225 
1454 1006 62.875 1211.65455 
1455 1006 62.875 1212.487875 
1456 1006 62.875 1213.3212 
1457 1006 62.875 1214.154525 
1458 1005 62.8125 1214.98785 
1459 1004 62.75 1215.821175 
1460 1004 62.75 1216.6545 
1461 1004 62.75 1217.487825 
1462 1004 62.75 1218.32115 
1463 1004 62.75 1219.154475 
1464 1004 62.75 1219.9878 
1465 1004 62.75 1220.821125 
1466 1004 62.75 1221.65445 
1467 1003 62.6875 1222.487775 
1468 1003 62.6875 1223.3211 
1469 1003 62.6875 1224.154425 
1470 1003 62.6875 1224.98775 
1471 1002 62.625 1225.821075 
1472 1001 62.5625 1226.6544 
1473 1001 62.5625 1227.487725 
1474 999 62.4375 1228.32105 
1475 999 62.4375 1229.154375 
1476 999 62.4375 1229.9877 
1477 997 62.3125 1230.821025 
1478 996 62.25 1231.65435 
1479 996 62.25 1232.487675 
1480 996 62.25 1233.321 
1481 995 62.1875 1234.154325 
1482 995 62.1875 1234.98765 
1483 995 62.1875 1235.820975 
1484 995 62.1875 1236.6543 
1485 995 62.1875 1237.487625 
1486 994 62.125 1238.32095 
1487 994 62.125 1239.154275 
1488 994 62.125 1239.9876 
1489 994 62.125 1240.820925 
1490 993 62.0625 1241.65425 
1491 993 62.0625 1242.487575 
1492 993 62.0625 1243.3209 
1493 993 62.0625 1244.154225 
1494 993 62.0625 1244.98755 
1495 992 62.0 1245.820875 
1496 992 62.0 1246.6542 
1497 992 62.0 1247.487525 
1498 992 62.0 1248.32085 
1499 991 61.9375 1249.154175 
1500 991 61.9375 1249.9875 
1501 990 61.875 1250.820825 
1502 990 61.875 1251.65415 
1503 990 61.875 1252.487475 
1504 990 61.875 1253.3208 
1505 990 61.875 1254.154125 
1506 990 61.875 1254.98745 
1507 990 61.875 1255.820775 
1508 989 61.8125 1256.6541 
1509 989 61.8125 1257.487425 
1510 989 61.8125 1258.32075 
1511 989 61.8125 1259.154075 
1512 989 61.8125 1259.9874 
1513 989 61.8125 1260.820725 
1514 989 61.8125 1261.65405 
1515 989 61.8125 1262.487375 
1516 989 61.8125 1263.3207 
1517 989 61.8125 1264.154025 
1518 989 61.8125 1264.98735 
1519 989 61.8125 1265.820675 
1520 989 61.8125 1266.654 
1521 989 61.8125 1267.487325 
1522 989 61.8125 1268.32065 
1523 989 61.8125 1269.153975 
1524 989 61.8125 1269.9873 
1525 989 61.8125 1270.820625 
1526 989 61.8125 1271.65395 
1527 989 61.8125 1272.487275 
1528 989 61.8125 1273.3206 
1529 988 61.75 1274.153925 
1530 987 61.6875 1274.98725 
1531 987 61.6875 1275.820575 
1532 987 61.6875 1276.6539 
1533 987 61.6875 1277.487225 
1534 987 61.6875 1278.32055 
1535 987 61.6875 1279.153875 
1536 986 61.625 1279.9872 
1537 986 61.625 1280.820525 
1538 985 61.5625 1281.65385 
1539 982 61.375 1282.487175 
1540 982 61.375 1283.3205 
1541 982 61.375 1284.153825 
1542 982 61.375 1284.98715 
1543 982 61.375 1285.820475 
1544 982 61.375 1286.6538 
1545 982 61.375 1287.487125 
1546 982 61.375 1288.32045 
1547 982 61.375 1289.153775 
1548 982 61.375 1289.9871 
1549 981 61.3125 1290.820425 
1550 981 61.3125 1291.65375 
1551 980 61.25 1292.487075 
1552 980 61.25 1293.3204 
1553 980 61.25 1294.153725 
1554 979 61.1875 1294.98705 
1555 979 61.1875 1295.820375 
1556 979 61.1875 1296.6537 
1557 979 61.1875 1297.487025 
1558 979 61.1875 1298.32035 
1559 979 61.1875 1299.153675 
1560 979 61.1875 1299.987 
1561 979 61.1875 1300.820325 
1562 979 61.1875 1301.65365 
1563 979 61.1875 1302.486975 
1564 979 61.1875 1303.3203 
1565 979 61.1875 1304.153625 
1566 979 61.1875 1304.98695 
1567 979 61.1875 1305.820275 
1568 979 61.1875 1306.6536 
1569 979 61.1875 1307.486925 
1570 979 61.1875 1308.32025 
1571 979 61.1875 1309.153575 
1572 979 61.1875 1309.9869 
1573 979 61.1875 1310.820225 
1574 979 61.1875 1311.65355 
1575 979 61.1875 1312.486875 
1576 979 61.1875 1313.3202 
1577 979 61.1875 1314.153525 
1578 979 61.1875 1314.98685 
1579 979 61.1875 1315.820175 
1580 978 61.125 1316.6535 
1581 978 61.125 1317.486825 
1582 977 61.0625 1318.32015 
1583 974 60.875 1319.153475 
1584 973 60.8125 1319.9868 
1585 972 60.75 1320.820125 
1586 971 60.6875 1321.65345 
1587 971 60.6875 1322.486775 
1588 970 60.625 1323.3201 
1589 970 60.625 1324.153425 
1590 970 60.625 1324.98675 
1591 970 60.625 1325.820075 
1592 970 60.625 1326.6534 
1593 969 60.5625 1327.486725 
1594 969 60.5625 1328.32005 
1595 969 60.5625 1329.153375 
1596 969 60.5625 1329.9867 
1597 969 60.5625 1330.820025 
1598 969 60.5625 1331.65335 
1599 969 60.5625 1332.486675 
1600 969 60.5625 1333.32 
1601 969 60.5625 1334.153325 
1602 969 60.5625 1334.98665 
1603 969 60.5625 1335.819975 
1604 969 60.5625 1336.6533 
1605 969 60.5625 1337.486625 
1606 969 60.5625 1338.31995 
1607 969 60.5625 1339.153275 
1608 969 60.5625 1339.9866 
1609 968 60.5 1340.819925 
1610 968 60.5 1341.65325 
1611 968 60.5 1342.486575 
1612 968 60.5 1343.3199 
1613 968 60.5 1344.153225 
1614 968 60.5 1344.98655 
1615 968 60.5 1345.819875 
1616 968 60.5 1346.6532 
1617 968 60.5 1347.486525 
1618 968 60.5 1348.31985 
1619 968 60.5 1349.153175 
1620 967 60.4375 1349.9865 
1621 967 60.4375 1350.819825 
1622 966 60.375 1351.65315 
1623 966 60.375 1352.486475 
1624 966 60.375 1353.3198 
1625 966 60.375 1354.153125 
1626 966 60.375 1354.98645 
1627 966 60.375 1355.819775 
1628 965 60.3125 1356.6531 
1629 965 60.3125 1357.486425 
1630 965 60.3125 1358.31975 
1631 965 60.3125 1359.153075 
1632 965 60.3125 1359.9864 
1633 965 60.3125 1360.819725 
1634 965 60.3125 1361.65305 
1635 965 60.3125 1362.486375 
1636 964 60.25 1363.3197 
1637 963 60.1875 1364.153025 
1638 963 60.1875 1364.98635 
1639 962 60.125 1365.819675 
1640 962 60.125 1366.653 
1641 962 60.125 1367.486325 
1642 962 60.125 1368.31965 
1643 962 60.125 1369.152975 
1644 961 60.0625 1369.9863 
1645 960 60.0 1370.819625 
1646 960 60.0 1371.65295 
1647 960 60.0 1372.486275 
1648 960 60.0 1373.3196 
1649 960 60.0 1374.152925 
1650 960 60.0 1374.98625 
1651 960 60.0 1375.819575 
1652 960 60.0 1376.6529 
1653 960 60.0 1377.486225 
1654 959 59.9375 1378.31955 
1655 959 59.9375 1379.152875 
1656 959 59.9375 1379.9862 
1657 959 59.9375 1380.819525 
1658 958 59.875 1381.65285 
1659 958 59.875 1382.486175 
1660 958 59.875 1383.3195 
1661 958 59.875 1384.152825 
1662 957 59.8125 1384.98615 
1663 957 59.8125 1385.819475 
1664 957 59.8125 1386.6528 
1665 957 59.8125 1387.486125 
1666 957 59.8125 1388.31945 
1667 957 59.8125 1389.152775 
1668 956 59.75 1389.9861 
1669 956 59.75 1390.819425 
1670 956 59.75 1391.65275 
1671 956 59.75 1392.486075 
1672 956 59.75 1393.3194 
1673 956 59.75 1394.152725 
1674 956 59.75 1394.98605 
1675 955 59.6875 1395.819375 
1676 955 59.6875 1396.6527 
1677 954 59.625 1397.486025 
1678 953 59.5625 1398.31935 
1679 953 59.5625 1399.152675 
1680 953 59.5625 1399.986 
1681 953 59.5625 1400.819325 
1682 953 59.5625 1401.65265 
1683 953 59.5625 1402.485975 
1684 953 59.5625 1403.3193 
1685 953 59.5625 1404.152625 
1686 952 59.5 1404.98595 
1687 952 59.5 1405.819275 
1688 951 59.4375 1406.6526 
1689 951 59.4375 1407.485925 
1690 951 59.4375 1408.31925 
1691 951 59.4375 1409.152575 
1692 951 59.4375 1409.9859 
1693 951 59.4375 1410.819225 
1694 951 59.4375 1411.65255 
1695 951 59.4375 1412.485875 
1696 951 59.4375 1413.3192 
1697 950 59.375 1414.152525 
1698 948 59.25 1414.98585 
1699 947 59.1875 1415.819175 
1700 947 59.1875 1416.6525 
1701 947 59.1875 1417.485825 
1702 947 59.1875 1418.31915 
1703 946 59.125 1419.152475 
1704 946 59.125 1419.9858 
1705 946 59.125 1420.819125 
1706 945 59.0625 1421.65245 
1707 943 58.9375 1422.485775 
1708 941 58.8125 1423.3191 
1709 941 58.8125 1424.152425 
1710 940 58.75 1424.98575 
1711 940 58.75 1425.819075 
1712 940 58.75 1426.6524 
1713 939 58.6875 1427.485725 
1714 939 58.6875 1428.31905 
1715 939 58.6875 1429.152375 
1716 939 58.6875 1429.9857 
1717 939 58.6875 1430.819025 
1718 939 58.6875 1431.65235 
1719 939 58.6875 1432.485675 
1720 938 58.625 1433.319 
1721 938 58.625 1434.152325 
1722 938 58.625 1434.98565 
1723 938 58.625 1435.818975 
1724 938 58.625 1436.6523 
1725 938 58.625 1437.485625 
1726 938 58.625 1438.31895 
1727 938 58.625 1439.152275 
1728 938 58.625 1439.9856 
1729 938 58.625 1440.818925 
1730 938 58.625 1441.65225 
1731 938 58.625 1442.485575 
1732 938 58.625 1443.3189 
1733 938 58.625 1444.152225 
1734 938 58.625 1444.98555 
1735 938 58.625 1445.818875 
1736 938 58.625 1446.6522 
1737 938 58.625 1447.485525 
1738 938 58.625 1448.31885 
1739 937 58.5625 1449.152175 
1740 936 58.5 1449.9855 
1741 936 58.5 1450.818825 
1742 936 58.5 1451.65215 
1743 936 58.5 1452.485475 
1744 936 58.5 1453.3188 
1745 936 58.5 1454.152125 
1746 936 58.5 1454.98545 
1747 936 58.5 1455.818775 
1748 936 58.5 1456.6521 
1749 936 58.5 1457.485425 
1750 936 58.5 1458.31875 
1751 936 58.5 1459.152075 
1752 936 58.5 1459.9854 
1753 935 58.4375 1460.818725 
1754 934 58.375 1461.65205 
1755 934 58.375 1462.485375 
1756 934 58.375 1463.3187 
1757 934 58.375 1464.152025 
1758 934 58.375 1464.98535 
1759 934 58.375 1465.818675 
1760 934 58.375 1466.652 
1761 934 58.375 1467.485325 
1762 934 58.375 1468.31865 
1763 933 58.3125 1469.151975 
1764 933 58.3125 1469.9853 
1765 933 58.3125 1470.818625 
1766 933 58.3125 1471.65195 
1767 933 58.3125 1472.485275 
1768 933 58.3125 1473.3186 
1769 933 58.3125 1474.151925 
1770 933 58.3125 1474.98525 
1771 933 58.3125 1475.818575 
1772 933 58.3125 1476.6519 
1773 932 58.25 1477.485225 
1774 931 58.1875 1478.31855 
1775 931 58.1875 1479.151875 
1776 931 58.1875 1479.9852 
1777 931 58.1875 1480.818525 
1778 931 58.1875 1481.65185 
1779 930 58.125 1482.485175 
1780 928 58.0 1483.3185 
1781 928 58.0 1484.151825 
1782 928 58.0 1484.98515 
1783 928 58.0 1485.818475 
1784 927 57.9375 1486.6518 
1785 926 57.875 1487.485125 
1786 926 57.875 1488.31845 
1787 926 57.875 1489.151775 
1788 926 57.875 1489.9851 
1789 926 57.875 1490.818425 
1790 926 57.875 1491.65175 
1791 926 57.875 1492.485075 
1792 926 57.875 1493.3184 
1793 926 57.875 1494.151725 
1794 925 57.8125 1494.98505 
1795 925 57.8125 1495.818375 
1796 925 57.8125 1496.6517 
1797 925 57.8125 1497.485025 
1798 925 57.8125 1498.31835 
1799 925 57.8125 1499.151675 
1800 925 57.8125 1499.985 
1801 925 57.8125 1500.818325 
1802 925 57.8125 1501.65165 
1803 925 57.8125 1502.484975 
1804 925 57.8125 1503.3183 
1805 925 57.8125 1504.151625 
1806 925 57.8125 1504.98495 
1807 925 57.8125 1505.818275 
1808 924 57.75 1506.6516 
1809 924 57.75 1507.484925 
1810 923 57.6875 1508.31825 
1811 923 57.6875 1509.151575 
1812 923 57.6875 1509.9849 
1813 923 57.6875 1510.818225 
1814 923 57.6875 1511.65155 
1815 923 57.6875 1512.484875 
1816 923 57.6875 1513.3182 
1817 923 57.6875 1514.151525 
1818 923 57.6875 1514.98485 
1819 923 57.6875 1515.818175 
1820 923 57.6875 1516.6515 
1821 922 57.625 1517.484825 
1822 922 57.625 1518.31815 
1823 921 57.5625 1519.151475 
1824 921 57.5625 1519.9848 
1825 921 57.5625 1520.818125 
1826 921 57.5625 1521.65145 
1827 921 57.5625 1522.484775 
1828 921 57.5625 1523.3181 
1829 920 57.5 1524.151425 
1830 920 57.5 1524.98475 
1831 920 57.5 1525.818075 
1832 920 57.5 1526.6514 
1833 920 57.5 1527.484725 
1834 919 57.4375 1528.31805 
1835 919 57.4375 1529.151375 
1836 919 57.4375 1529.9847 
1837 919 57.4375 1530.818025 
1838 919 57.4375 1531.65135 
1839 919 57.4375 1532.484675 
1840 919 57.4375 1533.318 
1841 919 57.4375 1534.151325 
1842 919 57.4375 1534.98465 
1843 919 57.4375 1535.817975 
1844 919 57.4375 1536.6513 
1845 919 57.4375 1537.484625 
1846 918 57.375 1538.31795 
1847 918 57.375 1539.151275 
1848 918 57.375 1539.9846 
1849 918 57.375 1540.817925 
1850 918 57.375 1541.65125 
1851 918 57.375 1542.484575 
1852 917 57.3125 1543.3179 
1853 917 57.3125 1544.151225 
1854 917 57.3125 1544.98455 
1855 917 57.3125 1545.817875 
1856 917 57.3125 1546.6512 
1857 917 57.3125 1547.484525 
1858 917 57.3125 1548.31785 
1859 917 57.3125 1549.151175 
1860 917 57.3125 1549.9845 
1861 917 57.3125 1550.817825 
1862 916 57.25 1551.65115 
1863 915 57.1875 1552.484475 
1864 915 57.1875 1553.3178 
1865 913 57.0625 1554.151125 
1866 911 56.9375 1554.98445 
1867 910 56.875 1555.817775 
1868 910 56.875 1556.6511 
1869 910 56.875 1557.484425 
1870 910 56.875 1558.31775 
1871 910 56.875 1559.151075 
1872 910 56.875 1559.9844 
1873 910 56.875 1560.817725 
1874 910 56.875 1561.65105 
1875 909 56.8125 1562.484375 
1876 909 56.8125 1563.3177 
1877 909 56.8125 1564.151025 
1878 908 56.75 1564.98435 
1879 908 56.75 1565.817675 
1880 908 56.75 1566.651 
1881 908 56.75 1567.484325 
1882 908 56.75 1568.31765 
1883 908 56.75 1569.150975 
1884 908 56.75 1569.9843 
1885 908 56.75 1570.817625 
1886 908 56.75 1571.65095 
1887 908 56.75 1572.484275 
1888 908 56.75 1573.3176 
1889 908 56.75 1574.150925 
1890 908 56.75 1574.98425 
1891 908 56.75 1575.817575 
1892 908 56.75 1576.6509 
1893 908 56.75 1577.484225 
1894 907 56.6875 1578.31755 
1895 907 56.6875 1579.150875 
1896 906 56.625 1579.9842 
1897 906 56.625 1580.817525 
1898 906 56.625 1581.65085 
1899 906 56.625 1582.484175 
1900 906 56.625 1583.3175 
1901 906 56.625 1584.150825 
1902 906 56.625 1584.98415 
1903 905 56.5625 1585.817475 
1904 905 56.5625 1586.6508 
1905 905 56.5625 1587.484125 
1906 904 56.5 1588.31745 
1907 904 56.5 1589.150775 
1908 904 56.5 1589.9841 
1909 904 56.5 1590.817425 
1910 904 56.5 1591.65075 
1911 904 56.5 1592.484075 
1912 904 56.5 1593.3174 
1913 904 56.5 1594.150725 
1914 904 56.5 1594.98405 
1915 904 56.5 1595.817375 
1916 904 56.5 1596.6507 
1917 904 56.5 1597.484025 
1918 903 56.4375 1598.31735 
1919 903 56.4375 1599.150675 
1920 903 56.4375 1599.984 
1921 902 56.375 1600.817325 
1922 902 56.375 1601.65065 
1923 902 56.375 1602.483975 
1924 901 56.3125 1603.3173 
1925 901 56.3125 1604.150625 
1926 901 56.3125 1604.98395 
1927 901 56.3125 1605.817275 
1928 901 56.3125 1606.6506 
1929 901 56.3125 1607.483925 
1930 901 56.3125 1608.31725 
1931 901 56.3125 1609.150575 
1932 901 56.3125 1609.9839 
1933 901 56.3125 1610.817225 
1934 901 56.3125 1611.65055 
1935 901 56.3125 1612.483875 
1936 901 56.3125 1613.3172 
1937 901 56.3125 1614.150525 
1938 901 56.3125 1614.98385 
1939 901 56.3125 1615.817175 
1940 901 56.3125 1616.6505 
1941 901 56.3125 1617.483825 
1942 901 56.3125 1618.31715 
1943 901 56.3125 1619.150475 
1944 901 56.3125 1619.9838 
1945 900 56.25 1620.817125 
1946 899 56.1875 1621.65045 
1947 899 56.1875 1622.483775 
1948 899 56.1875 1623.3171 
1949 899 56.1875 1624.150425 
1950 899 56.1875 1624.98375 
1951 899 56.1875 1625.817075 
1952 898 56.125 1626.6504 
1953 898 56.125 1627.483725 
1954 898 56.125 1628.31705 
1955 898 56.125 1629.150375 
1956 897 56.0625 1629.9837 
1957 897 56.0625 1630.817025 
1958 897 56.0625 1631.65035 
1959 897 56.0625 1632.483675 
1960 897 56.0625 1633.317 
1961 897 56.0625 1634.150325 
1962 897 56.0625 1634.98365 
1963 897 56.0625 1635.816975 
1964 897 56.0625 1636.6503 
1965 897 56.0625 1637.483625 
1966 896 56.0 1638.31695 
1967 896 56.0 1639.150275 
1968 896 56.0 1639.9836 
1969 896 56.0 1640.816925 
1970 896 56.0 1641.65025 
1971 896 56.0 1642.483575 
1972 896 56.0 1643.3169 
1973 896 56.0 1644.150225 
1974 896 56.0 1644.98355 
1975 896 56.0 1645.816875 
1976 896 56.0 1646.6502 
1977 896 56.0 1647.483525 
1978 896 56.0 1648.31685 
1979 896 56.0 1649.150175 
1980 896 56.0 1649.9835 
1981 896 56.0 1650.816825 
1982 896 56.0 1651.65015 
1983 896 56.0 1652.483475 
1984 895 55.9375 1653.3168 
1985 895 55.9375 1654.150125 
1986 894 55.875 1654.98345 
1987 894 55.875 1655.816775 
1988 894 55.875 1656.6501 
1989 894 55.875 1657.483425 
1990 894 55.875 1658.31675 
1991 894 55.875 1659.150075 
1992 894 55.875 1659.9834 
1993 894 55.875 1660.816725 
1994 894 55.875 1661.65005 
1995 894 55.875 1662.483375 
1996 894 55.875 1663.3167 
1997 894 55.875 1664.150025 
1998 894 55.875 1664.98335 
1999 894 55.875 1665.816675 
2000 894 55.875 1666.65 
2001 893 55.8125 1667.483325 
2002 893 55.8125 1668.31665 
2003 893 55.8125 1669.149975 
2004 893 55.8125 1669.9833 
2005 893 55.8125 1670.816625 
2006 892 55.75 1671.64995 
2007 892 55.75 1672.483275 
2008 892 55.75 1673.3166 
2009 892 55.75 1674.149925 
2010 892 55.75 1674.98325 
2011 892 55.75 1675.816575 
2012 892 55.75 1676.6499 
2013 892 55.75 1677.483225 
2014 892 55.75 1678.31655 
2015 892 55.75 1679.149875 
2016 892 55.75 1679.9832 
2017 892 55.75 1680.816525 
2018 892 55.75 1681.64985 
2019 891 55.6875 1682.483175 
2020 891 55.6875 1683.3165 
2021 891 55.6875 1684.149825 
2022 891 55.6875 1684.98315 
2023 891 55.6875 1685.816475 
2024 890 55.625 1686.6498 
2025 890 55.625 1687.483125 
2026 890 55.625 1688.31645 
2027 890 55.625 1689.149775 
2028 890 55.625 1689.9831 
2029 890 55.625 1690.816425 
2030 890 55.625 1691.64975 
2031 890 55.625 1692.483075 
2032 890 55.625 1693.3164 
2033 889 55.5625 1694.149725 
2034 888 55.5 1694.98305 
2035 888 55.5 1695.816375 
2036 887 55.4375 1696.6497 
2037 887 55.4375 1697.483025 
2038 887 55.4375 1698.31635 
2039 886 55.375 1699.149675 
2040 886 55.375 1699.983 
2041 886 55.375 1700.816325 
2042 886 55.375 1701.64965 
2043 886 55.375 1702.482975 
2044 886 55.375 1703.3163 
2045 886 55.375 1704.149625 
2046 886 55.375 1704.98295 
2047 886 55.375 1705.816275 
2048 886 55.375 1706.6496 
2049 886 55.375 1707.482925 
2050 886 55.375 1708.31625 
2051 885 55.3125 1709.149575 
2052 884 55.25 1709.9829 
2053 884 55.25 1710.816225 
2054 884 55.25 1711.64955 
2055 884 55.25 1712.482875 
2056 884 55.25 1713.3162 
2057 884 55.25 1714.149525 
2058 884 55.25 1714.98285 
2059 884 55.25 1715.816175 
2060 884 55.25 1716.6495 
2061 884 55.25 1717.482825 
2062 884 55.25 1718.31615 
2063 884 55.25 1719.149475 
2064 884 55.25 1719.9828 
2065 884 55.25 1720.816125 
2066 883 55.1875 1721.64945 
2067 883 55.1875 1722.482775 
2068 883 55.1875 1723.3161 
2069 883 55.1875 1724.149425 
2070 883 55.1875 1724.98275 
2071 883 55.1875 1725.816075 
2072 882 55.125 1726.6494 
2073 882 55.125 1727.482725 
2074 882 55.125 1728.31605 
2075 882 55.125 1729.149375 
2076 882 55.125 1729.9827 
2077 882 55.125 1730.816025 
2078 882 55.125 1731.64935 
2079 882 55.125 1732.482675 
2080 882 55.125 1733.316 
2081 882 55.125 1734.149325 
2082 882 55.125 1734.98265 
2083 882 55.125 1735.815975 
2084 882 55.125 1736.6493 
2085 882 55.125 1737.482625 
2086 882 55.125 1738.31595 
2087 881 55.0625 1739.149275 
2088 881 55.0625 1739.9826 
2089 881 55.0625 1740.815925 
2090 881 55.0625 1741.64925 
2091 881 55.0625 1742.482575 
2092 881 55.0625 1743.3159 
2093 881 55.0625 1744.149225 
2094 880 55.0 1744.98255 
2095 879 54.9375 1745.815875 
2096 879 54.9375 1746.6492 
2097 879 54.9375 1747.482525 
2098 879 54.9375 1748.31585 
2099 879 54.9375 1749.149175 
2100 879 54.9375 1749.9825 
2101 879 54.9375 1750.815825 
2102 879 54.9375 1751.64915 
2103 879 54.9375 1752.482475 
2104 879 54.9375 1753.3158 
2105 879 54.9375 1754.149125 
2106 879 54.9375 1754.98245 
2107 879 54.9375 1755.815775 
2108 879 54.9375 1756.6491 
2109 879 54.9375 1757.482425 
2110 879 54.9375 1758.31575 
2111 879 54.9375 1759.149075 
2112 879 54.9375 1759.9824 
2113 879 54.9375 1760.815725 
2114 879 54.9375 1761.64905 
2115 879 54.9375 1762.482375 
2116 879 54.9375 1763.3157 
2117 879 54.9375 1764.149025 
2118 879 54.9375 1764.98235 
2119 879 54.9375 1765.815675 
2120 879 54.9375 1766.649 
2121 879 54.9375 1767.482325 
2122 879 54.9375 1768.31565 
2123 879 54.9375 1769.148975 
2124 879 54.9375 1769.9823 
2125 879 54.9375 1770.815625 
2126 879 54.9375 1771.64895 
2127 879 54.9375 1772.482275 
2128 879 54.9375 1773.3156 
2129 879 54.9375 1774.148925 
2130 877 54.8125 1774.98225 
2131 877 54.8125 1775.815575 
2132 877 54.8125 1776.6489 
2133 876 54.75 1777.482225 
2134 876 54.75 1778.31555 
2135 876 54.75 1779.148875 
2136 876 54.75 1779.9822 
2137 875 54.6875 1780.815525 
2138 875 54.6875 1781.64885 
2139 875 54.6875 1782.482175 
2140 875 54.6875 1783.3155 
2141 875 54.6875 1784.148825 
2142 875 54.6875 1784.98215 
2143 875 54.6875 1785.815475 
2144 874 54.625 1786.6488 
2145 874 54.625 1787.482125 
2146 874 54.625 1788.31545 
2147 874 54.625 1789.148775 
2148 874 54.625 1789.9821 
2149 874 54.625 1790.815425 
2150 873 54.5625 1791.64875 
2151 873 54.5625 1792.482075 
2152 873 54.5625 1793.3154 
2153 873 54.5625 1794.148725 
2154 873 54.5625 1794.98205 
2155 872 54.5 1795.815375 
2156 872 54.5 1796.6487 
2157 872 54.5 1797.482025 
2158 872 54.5 1798.31535 
2159 872 54.5 1799.148675 
2160 872 54.5 1799.982 
2161 872 54.5 1800.815325 
2162 872 54.5 1801.64865 
2163 872 54.5 1802.481975 
2164 872 54.5 1803.3153 
2165 872 54.5 1804.148625 
2166 872 54.5 1804.98195 
2167 872 54.5 1805.815275 
2168 871 54.4375 1806.6486 
2169 871 54.4375 1807.481925 
2170 871 54.4375 1808.31525 
